{"C:\\Users\\rober\\.ssh\\Lab10\\src\\Components\\App.jsx": {"path":"C:\\Users\\rober\\.ssh\\Lab10\\src\\Components\\App.jsx","statementMap":{"0":{"start":{"line":13,"column":4},"end":{"line":13,"column":16}},"1":{"start":{"line":14,"column":4},"end":{"line":14,"column":19}},"2":{"start":{"line":18,"column":4},"end":{"line":18,"column":25}}},"fnMap":{"0":{"name":"(anonymous_0)","decl":{"start":{"line":12,"column":2},"end":{"line":12,"column":3}},"loc":{"start":{"line":12,"column":21},"end":{"line":15,"column":3}},"line":12},"1":{"name":"(anonymous_1)","decl":{"start":{"line":17,"column":2},"end":{"line":17,"column":3}},"loc":{"start":{"line":17,"column":11},"end":{"line":19,"column":3}},"line":17}},"branchMap":{},"s":{"0":1,"1":1,"2":1},"f":{"0":1,"1":1},"b":{},"_coverageSchema":"1a1c01bbd47fc00a2c39e90264f33305004495a9","hash":"7f77af05b7511198afffb8459469959f4a276f89"}
,"C:\\Users\\rober\\.ssh\\Lab10\\src\\Components\\stateComponents\\Calculator.jsx": {"path":"C:\\Users\\rober\\.ssh\\Lab10\\src\\Components\\stateComponents\\Calculator.jsx","statementMap":{"0":{"start":{"line":21,"column":6},"end":{"line":21,"column":13}},"1":{"start":{"line":23,"column":2},"end":{"line":95,"column":3}},"2":{"start":{"line":40,"column":47},"end":{"line":40,"column":58}},"3":{"start":{"line":43,"column":47},"end":{"line":43,"column":58}},"4":{"start":{"line":55,"column":47},"end":{"line":55,"column":58}},"5":{"start":{"line":67,"column":47},"end":{"line":67,"column":58}},"6":{"start":{"line":79,"column":47},"end":{"line":79,"column":58}}},"fnMap":{"0":{"name":"Calculator","decl":{"start":{"line":10,"column":24},"end":{"line":10,"column":34}},"loc":{"start":{"line":10,"column":37},"end":{"line":96,"column":1}},"line":10},"1":{"name":"(anonymous_1)","decl":{"start":{"line":40,"column":41},"end":{"line":40,"column":42}},"loc":{"start":{"line":40,"column":47},"end":{"line":40,"column":58}},"line":40},"2":{"name":"(anonymous_2)","decl":{"start":{"line":43,"column":41},"end":{"line":43,"column":42}},"loc":{"start":{"line":43,"column":47},"end":{"line":43,"column":58}},"line":43},"3":{"name":"(anonymous_3)","decl":{"start":{"line":55,"column":41},"end":{"line":55,"column":42}},"loc":{"start":{"line":55,"column":47},"end":{"line":55,"column":58}},"line":55},"4":{"name":"(anonymous_4)","decl":{"start":{"line":67,"column":41},"end":{"line":67,"column":42}},"loc":{"start":{"line":67,"column":47},"end":{"line":67,"column":58}},"line":67},"5":{"name":"(anonymous_5)","decl":{"start":{"line":79,"column":41},"end":{"line":79,"column":42}},"loc":{"start":{"line":79,"column":47},"end":{"line":79,"column":58}},"line":79}},"branchMap":{"0":{"loc":{"start":{"line":28,"column":58},"end":{"line":28,"column":92}},"type":"cond-expr","locations":[{"start":{"line":28,"column":69},"end":{"line":28,"column":87}},{"start":{"line":28,"column":90},"end":{"line":28,"column":92}}],"line":28},"1":{"loc":{"start":{"line":30,"column":11},"end":{"line":30,"column":79}},"type":"cond-expr","locations":[{"start":{"line":30,"column":37},"end":{"line":30,"column":44}},{"start":{"line":30,"column":47},"end":{"line":30,"column":79}}],"line":30},"2":{"loc":{"start":{"line":30,"column":11},"end":{"line":30,"column":34}},"type":"binary-expr","locations":[{"start":{"line":30,"column":11},"end":{"line":30,"column":20}},{"start":{"line":30,"column":24},"end":{"line":30,"column":34}}],"line":30},"3":{"loc":{"start":{"line":30,"column":47},"end":{"line":30,"column":79}},"type":"cond-expr","locations":[{"start":{"line":30,"column":60},"end":{"line":30,"column":67}},{"start":{"line":30,"column":70},"end":{"line":30,"column":79}}],"line":30}},"s":{"0":33,"1":33,"2":1,"3":3,"4":1,"5":1,"6":1},"f":{"0":33,"1":1,"2":3,"3":1,"4":1,"5":1},"b":{"0":[8,25],"1":[24,9],"2":[33,25],"3":[8,1]},"_coverageSchema":"1a1c01bbd47fc00a2c39e90264f33305004495a9","hash":"3bd3cefe1b399fa69ce2704b36f6ad6da61dd2d8"}
,"C:\\Users\\rober\\.ssh\\Lab10\\src\\Components\\stateComponents\\Hooks.jsx": {"path":"C:\\Users\\rober\\.ssh\\Lab10\\src\\Components\\stateComponents\\Hooks.jsx","statementMap":{"0":{"start":{"line":9,"column":32},"end":{"line":9,"column":49}},"1":{"start":{"line":10,"column":32},"end":{"line":10,"column":49}},"2":{"start":{"line":11,"column":34},"end":{"line":11,"column":51}},"3":{"start":{"line":12,"column":36},"end":{"line":12,"column":48}},"4":{"start":{"line":15,"column":14},"end":{"line":15,"column":15}},"5":{"start":{"line":16,"column":4},"end":{"line":26,"column":5}},"6":{"start":{"line":17,"column":6},"end":{"line":17,"column":53}},"7":{"start":{"line":18,"column":11},"end":{"line":26,"column":5}},"8":{"start":{"line":19,"column":6},"end":{"line":19,"column":29}},"9":{"start":{"line":20,"column":11},"end":{"line":26,"column":5}},"10":{"start":{"line":21,"column":6},"end":{"line":21,"column":29}},"11":{"start":{"line":22,"column":11},"end":{"line":26,"column":5}},"12":{"start":{"line":23,"column":6},"end":{"line":23,"column":53}},"13":{"start":{"line":24,"column":11},"end":{"line":26,"column":5}},"14":{"start":{"line":25,"column":6},"end":{"line":25,"column":29}},"15":{"start":{"line":27,"column":4},"end":{"line":27,"column":14}},"16":{"start":{"line":30,"column":16},"end":{"line":62,"column":3}},"17":{"start":{"line":31,"column":4},"end":{"line":34,"column":5}},"18":{"start":{"line":32,"column":6},"end":{"line":32,"column":27}},"19":{"start":{"line":33,"column":6},"end":{"line":33,"column":22}},"20":{"start":{"line":35,"column":4},"end":{"line":61,"column":5}},"21":{"start":{"line":36,"column":6},"end":{"line":47,"column":7}},"22":{"start":{"line":37,"column":8},"end":{"line":37,"column":25}},"23":{"start":{"line":38,"column":13},"end":{"line":47,"column":7}},"24":{"start":{"line":39,"column":8},"end":{"line":39,"column":33}},"25":{"start":{"line":40,"column":13},"end":{"line":47,"column":7}},"26":{"start":{"line":44,"column":8},"end":{"line":44,"column":27}},"27":{"start":{"line":46,"column":8},"end":{"line":46,"column":54}},"28":{"start":{"line":48,"column":11},"end":{"line":61,"column":5}},"29":{"start":{"line":49,"column":6},"end":{"line":60,"column":7}},"30":{"start":{"line":50,"column":8},"end":{"line":50,"column":25}},"31":{"start":{"line":51,"column":13},"end":{"line":60,"column":7}},"32":{"start":{"line":52,"column":8},"end":{"line":52,"column":33}},"33":{"start":{"line":53,"column":13},"end":{"line":60,"column":7}},"34":{"start":{"line":57,"column":8},"end":{"line":57,"column":27}},"35":{"start":{"line":59,"column":8},"end":{"line":59,"column":54}},"36":{"start":{"line":65,"column":4},"end":{"line":82,"column":5}},"37":{"start":{"line":66,"column":6},"end":{"line":79,"column":7}},"38":{"start":{"line":67,"column":8},"end":{"line":67,"column":26}},"39":{"start":{"line":68,"column":8},"end":{"line":71,"column":9}},"40":{"start":{"line":69,"column":10},"end":{"line":69,"column":54}},"41":{"start":{"line":70,"column":10},"end":{"line":70,"column":27}},"42":{"start":{"line":72,"column":8},"end":{"line":72,"column":22}},"43":{"start":{"line":73,"column":8},"end":{"line":73,"column":29}},"44":{"start":{"line":75,"column":8},"end":{"line":75,"column":22}},"45":{"start":{"line":76,"column":8},"end":{"line":76,"column":22}},"46":{"start":{"line":77,"column":8},"end":{"line":77,"column":23}},"47":{"start":{"line":78,"column":8},"end":{"line":78,"column":29}},"48":{"start":{"line":81,"column":6},"end":{"line":81,"column":27}},"49":{"start":{"line":86,"column":4},"end":{"line":86,"column":18}},"50":{"start":{"line":87,"column":4},"end":{"line":87,"column":18}},"51":{"start":{"line":88,"column":4},"end":{"line":88,"column":19}},"52":{"start":{"line":89,"column":4},"end":{"line":89,"column":20}},"53":{"start":{"line":93,"column":20},"end":{"line":93,"column":26}},"54":{"start":{"line":94,"column":4},"end":{"line":109,"column":5}},"55":{"start":{"line":95,"column":6},"end":{"line":95,"column":27}},"56":{"start":{"line":96,"column":6},"end":{"line":103,"column":7}},"57":{"start":{"line":101,"column":8},"end":{"line":101,"column":53}},"58":{"start":{"line":102,"column":8},"end":{"line":102,"column":25}},"59":{"start":{"line":104,"column":6},"end":{"line":104,"column":20}},"60":{"start":{"line":105,"column":6},"end":{"line":105,"column":20}},"61":{"start":{"line":106,"column":6},"end":{"line":106,"column":21}},"62":{"start":{"line":108,"column":6},"end":{"line":108,"column":27}},"63":{"start":{"line":113,"column":4},"end":{"line":113,"column":24}},"64":{"start":{"line":114,"column":4},"end":{"line":118,"column":5}},"65":{"start":{"line":115,"column":6},"end":{"line":115,"column":30}},"66":{"start":{"line":116,"column":11},"end":{"line":118,"column":5}},"67":{"start":{"line":117,"column":6},"end":{"line":117,"column":30}},"68":{"start":{"line":119,"column":4},"end":{"line":121,"column":5}},"69":{"start":{"line":120,"column":6},"end":{"line":120,"column":30}},"70":{"start":{"line":122,"column":4},"end":{"line":125,"column":5}},"71":{"start":{"line":123,"column":6},"end":{"line":123,"column":23}},"72":{"start":{"line":124,"column":6},"end":{"line":124,"column":34}},"73":{"start":{"line":128,"column":2},"end":{"line":138,"column":3}}},"fnMap":{"0":{"name":"Hooks","decl":{"start":{"line":8,"column":24},"end":{"line":8,"column":29}},"loc":{"start":{"line":8,"column":72},"end":{"line":139,"column":1}},"line":8},"1":{"name":"evil","decl":{"start":{"line":14,"column":11},"end":{"line":14,"column":15}},"loc":{"start":{"line":14,"column":18},"end":{"line":28,"column":3}},"line":14},"2":{"name":"(anonymous_2)","decl":{"start":{"line":30,"column":16},"end":{"line":30,"column":17}},"loc":{"start":{"line":30,"column":23},"end":{"line":62,"column":3}},"line":30},"3":{"name":"operar","decl":{"start":{"line":64,"column":11},"end":{"line":64,"column":17}},"loc":{"start":{"line":64,"column":28},"end":{"line":83,"column":3}},"line":64},"4":{"name":"reset","decl":{"start":{"line":85,"column":11},"end":{"line":85,"column":16}},"loc":{"start":{"line":85,"column":19},"end":{"line":90,"column":3}},"line":85},"5":{"name":"result","decl":{"start":{"line":92,"column":11},"end":{"line":92,"column":17}},"loc":{"start":{"line":92,"column":20},"end":{"line":110,"column":3}},"line":92},"6":{"name":"opuesto","decl":{"start":{"line":112,"column":11},"end":{"line":112,"column":18}},"loc":{"start":{"line":112,"column":21},"end":{"line":126,"column":3}},"line":112}},"branchMap":{"0":{"loc":{"start":{"line":8,"column":30},"end":{"line":8,"column":42}},"type":"default-arg","locations":[{"start":{"line":8,"column":40},"end":{"line":8,"column":42}}],"line":8},"1":{"loc":{"start":{"line":8,"column":44},"end":{"line":8,"column":56}},"type":"default-arg","locations":[{"start":{"line":8,"column":54},"end":{"line":8,"column":56}}],"line":8},"2":{"loc":{"start":{"line":8,"column":58},"end":{"line":8,"column":70}},"type":"default-arg","locations":[{"start":{"line":8,"column":68},"end":{"line":8,"column":70}}],"line":8},"3":{"loc":{"start":{"line":16,"column":4},"end":{"line":26,"column":5}},"type":"if","locations":[{"start":{"line":16,"column":4},"end":{"line":26,"column":5}},{"start":{"line":18,"column":11},"end":{"line":26,"column":5}}],"line":16},"4":{"loc":{"start":{"line":18,"column":11},"end":{"line":26,"column":5}},"type":"if","locations":[{"start":{"line":18,"column":11},"end":{"line":26,"column":5}},{"start":{"line":20,"column":11},"end":{"line":26,"column":5}}],"line":18},"5":{"loc":{"start":{"line":20,"column":11},"end":{"line":26,"column":5}},"type":"if","locations":[{"start":{"line":20,"column":11},"end":{"line":26,"column":5}},{"start":{"line":22,"column":11},"end":{"line":26,"column":5}}],"line":20},"6":{"loc":{"start":{"line":22,"column":11},"end":{"line":26,"column":5}},"type":"if","locations":[{"start":{"line":22,"column":11},"end":{"line":26,"column":5}},{"start":{"line":24,"column":11},"end":{"line":26,"column":5}}],"line":22},"7":{"loc":{"start":{"line":24,"column":11},"end":{"line":26,"column":5}},"type":"if","locations":[{"start":{"line":24,"column":11},"end":{"line":26,"column":5}},{"start":{},"end":{}}],"line":24},"8":{"loc":{"start":{"line":31,"column":4},"end":{"line":34,"column":5}},"type":"if","locations":[{"start":{"line":31,"column":4},"end":{"line":34,"column":5}},{"start":{},"end":{}}],"line":31},"9":{"loc":{"start":{"line":31,"column":8},"end":{"line":31,"column":49}},"type":"binary-expr","locations":[{"start":{"line":31,"column":8},"end":{"line":31,"column":24}},{"start":{"line":31,"column":28},"end":{"line":31,"column":49}}],"line":31},"10":{"loc":{"start":{"line":35,"column":4},"end":{"line":61,"column":5}},"type":"if","locations":[{"start":{"line":35,"column":4},"end":{"line":61,"column":5}},{"start":{"line":48,"column":11},"end":{"line":61,"column":5}}],"line":35},"11":{"loc":{"start":{"line":35,"column":8},"end":{"line":35,"column":48}},"type":"binary-expr","locations":[{"start":{"line":35,"column":8},"end":{"line":35,"column":23}},{"start":{"line":35,"column":27},"end":{"line":35,"column":48}}],"line":35},"12":{"loc":{"start":{"line":36,"column":6},"end":{"line":47,"column":7}},"type":"if","locations":[{"start":{"line":36,"column":6},"end":{"line":47,"column":7}},{"start":{"line":38,"column":13},"end":{"line":47,"column":7}}],"line":36},"13":{"loc":{"start":{"line":38,"column":13},"end":{"line":47,"column":7}},"type":"if","locations":[{"start":{"line":38,"column":13},"end":{"line":47,"column":7}},{"start":{"line":40,"column":13},"end":{"line":47,"column":7}}],"line":38},"14":{"loc":{"start":{"line":40,"column":13},"end":{"line":47,"column":7}},"type":"if","locations":[{"start":{"line":40,"column":13},"end":{"line":47,"column":7}},{"start":{"line":45,"column":13},"end":{"line":47,"column":7}}],"line":40},"15":{"loc":{"start":{"line":41,"column":8},"end":{"line":42,"column":40}},"type":"binary-expr","locations":[{"start":{"line":41,"column":8},"end":{"line":41,"column":37}},{"start":{"line":42,"column":8},"end":{"line":42,"column":40}}],"line":41},"16":{"loc":{"start":{"line":48,"column":11},"end":{"line":61,"column":5}},"type":"if","locations":[{"start":{"line":48,"column":11},"end":{"line":61,"column":5}},{"start":{},"end":{}}],"line":48},"17":{"loc":{"start":{"line":48,"column":15},"end":{"line":48,"column":55}},"type":"binary-expr","locations":[{"start":{"line":48,"column":15},"end":{"line":48,"column":30}},{"start":{"line":48,"column":34},"end":{"line":48,"column":55}}],"line":48},"18":{"loc":{"start":{"line":49,"column":6},"end":{"line":60,"column":7}},"type":"if","locations":[{"start":{"line":49,"column":6},"end":{"line":60,"column":7}},{"start":{"line":51,"column":13},"end":{"line":60,"column":7}}],"line":49},"19":{"loc":{"start":{"line":51,"column":13},"end":{"line":60,"column":7}},"type":"if","locations":[{"start":{"line":51,"column":13},"end":{"line":60,"column":7}},{"start":{"line":53,"column":13},"end":{"line":60,"column":7}}],"line":51},"20":{"loc":{"start":{"line":53,"column":13},"end":{"line":60,"column":7}},"type":"if","locations":[{"start":{"line":53,"column":13},"end":{"line":60,"column":7}},{"start":{"line":58,"column":13},"end":{"line":60,"column":7}}],"line":53},"21":{"loc":{"start":{"line":54,"column":8},"end":{"line":55,"column":40}},"type":"binary-expr","locations":[{"start":{"line":54,"column":8},"end":{"line":54,"column":37}},{"start":{"line":55,"column":8},"end":{"line":55,"column":40}}],"line":54},"22":{"loc":{"start":{"line":65,"column":4},"end":{"line":82,"column":5}},"type":"if","locations":[{"start":{"line":65,"column":4},"end":{"line":82,"column":5}},{"start":{"line":80,"column":11},"end":{"line":82,"column":5}}],"line":65},"23":{"loc":{"start":{"line":66,"column":6},"end":{"line":79,"column":7}},"type":"if","locations":[{"start":{"line":66,"column":6},"end":{"line":79,"column":7}},{"start":{"line":74,"column":13},"end":{"line":79,"column":7}}],"line":66},"24":{"loc":{"start":{"line":68,"column":8},"end":{"line":71,"column":9}},"type":"if","locations":[{"start":{"line":68,"column":8},"end":{"line":71,"column":9}},{"start":{},"end":{}}],"line":68},"25":{"loc":{"start":{"line":94,"column":4},"end":{"line":109,"column":5}},"type":"if","locations":[{"start":{"line":94,"column":4},"end":{"line":109,"column":5}},{"start":{"line":107,"column":11},"end":{"line":109,"column":5}}],"line":94},"26":{"loc":{"start":{"line":94,"column":8},"end":{"line":94,"column":74}},"type":"binary-expr","locations":[{"start":{"line":94,"column":9},"end":{"line":94,"column":29}},{"start":{"line":94,"column":33},"end":{"line":94,"column":53}},{"start":{"line":94,"column":58},"end":{"line":94,"column":74}}],"line":94},"27":{"loc":{"start":{"line":96,"column":6},"end":{"line":103,"column":7}},"type":"if","locations":[{"start":{"line":96,"column":6},"end":{"line":103,"column":7}},{"start":{},"end":{}}],"line":96},"28":{"loc":{"start":{"line":97,"column":8},"end":{"line":99,"column":37}},"type":"binary-expr","locations":[{"start":{"line":97,"column":8},"end":{"line":97,"column":24}},{"start":{"line":98,"column":8},"end":{"line":98,"column":37}},{"start":{"line":99,"column":8},"end":{"line":99,"column":37}}],"line":97},"29":{"loc":{"start":{"line":114,"column":4},"end":{"line":118,"column":5}},"type":"if","locations":[{"start":{"line":114,"column":4},"end":{"line":118,"column":5}},{"start":{"line":116,"column":11},"end":{"line":118,"column":5}}],"line":114},"30":{"loc":{"start":{"line":114,"column":8},"end":{"line":114,"column":52}},"type":"binary-expr","locations":[{"start":{"line":114,"column":8},"end":{"line":114,"column":22}},{"start":{"line":114,"column":26},"end":{"line":114,"column":52}}],"line":114},"31":{"loc":{"start":{"line":116,"column":11},"end":{"line":118,"column":5}},"type":"if","locations":[{"start":{"line":116,"column":11},"end":{"line":118,"column":5}},{"start":{},"end":{}}],"line":116},"32":{"loc":{"start":{"line":116,"column":15},"end":{"line":116,"column":61}},"type":"binary-expr","locations":[{"start":{"line":116,"column":15},"end":{"line":116,"column":31}},{"start":{"line":116,"column":35},"end":{"line":116,"column":61}}],"line":116},"33":{"loc":{"start":{"line":119,"column":4},"end":{"line":121,"column":5}},"type":"if","locations":[{"start":{"line":119,"column":4},"end":{"line":121,"column":5}},{"start":{},"end":{}}],"line":119},"34":{"loc":{"start":{"line":119,"column":8},"end":{"line":119,"column":67}},"type":"binary-expr","locations":[{"start":{"line":119,"column":8},"end":{"line":119,"column":22}},{"start":{"line":119,"column":26},"end":{"line":119,"column":37}},{"start":{"line":119,"column":41},"end":{"line":119,"column":67}}],"line":119},"35":{"loc":{"start":{"line":122,"column":4},"end":{"line":125,"column":5}},"type":"if","locations":[{"start":{"line":122,"column":4},"end":{"line":125,"column":5}},{"start":{},"end":{}}],"line":122},"36":{"loc":{"start":{"line":122,"column":8},"end":{"line":122,"column":56}},"type":"binary-expr","locations":[{"start":{"line":122,"column":8},"end":{"line":122,"column":24}},{"start":{"line":122,"column":28},"end":{"line":122,"column":56}}],"line":122}},"s":{"0":44,"1":44,"2":44,"3":44,"4":9,"5":9,"6":3,"7":6,"8":0,"9":6,"10":0,"11":6,"12":6,"13":0,"14":0,"15":9,"16":44,"17":11,"18":0,"19":0,"20":11,"21":10,"22":0,"23":10,"24":10,"25":0,"26":0,"27":0,"28":1,"29":1,"30":0,"31":1,"32":1,"33":0,"34":0,"35":0,"36":9,"37":2,"38":2,"39":2,"40":2,"41":2,"42":2,"43":2,"44":0,"45":0,"46":0,"47":0,"48":7,"49":1,"50":1,"51":1,"52":1,"53":3,"54":3,"55":2,"56":2,"57":0,"58":0,"59":2,"60":2,"61":2,"62":1,"63":2,"64":2,"65":2,"66":0,"67":0,"68":2,"69":1,"70":2,"71":0,"72":0,"73":44},"f":{"0":44,"1":9,"2":11,"3":9,"4":1,"5":3,"6":2},"b":{"0":[33],"1":[33],"2":[33],"3":[3,6],"4":[0,6],"5":[0,6],"6":[6,0],"7":[0,0],"8":[0,11],"9":[11,0],"10":[10,1],"11":[11,10],"12":[0,10],"13":[10,0],"14":[0,0],"15":[0,0],"16":[1,0],"17":[1,1],"18":[0,1],"19":[1,0],"20":[0,0],"21":[0,0],"22":[2,7],"23":[2,0],"24":[2,0],"25":[2,1],"26":[3,2,1],"27":[0,2],"28":[2,2,2],"29":[2,0],"30":[2,2],"31":[0,0],"32":[0,0],"33":[1,1],"34":[2,2,1],"35":[0,2],"36":[2,0]},"_coverageSchema":"1a1c01bbd47fc00a2c39e90264f33305004495a9","hash":"e1ae6c956cfa5abc79e11c578371cc1c9a0a7791"}
}
