TN:
SF:src\Components\App.jsx
FN:12,(anonymous_0)
FN:17,(anonymous_1)
FNF:2
FNH:2
FNDA:1,(anonymous_0)
FNDA:1,(anonymous_1)
DA:13,1
DA:14,1
DA:18,1
LF:3
LH:3
BRF:0
BRH:0
end_of_record
TN:
SF:src\Components\stateComponents\Calculator.jsx
FN:10,Calculator
FN:40,(anonymous_1)
FN:43,(anonymous_2)
FN:55,(anonymous_3)
FN:67,(anonymous_4)
FN:79,(anonymous_5)
FNF:6
FNH:6
FNDA:33,Calculator
FNDA:1,(anonymous_1)
FNDA:3,(anonymous_2)
FNDA:1,(anonymous_3)
FNDA:1,(anonymous_4)
FNDA:1,(anonymous_5)
DA:21,33
DA:23,33
DA:40,1
DA:43,3
DA:55,1
DA:67,1
DA:79,1
LF:7
LH:7
BRDA:28,0,0,8
BRDA:28,0,1,25
BRDA:30,1,0,24
BRDA:30,1,1,9
BRDA:30,2,0,33
BRDA:30,2,1,25
BRDA:30,3,0,8
BRDA:30,3,1,1
BRF:8
BRH:8
end_of_record
TN:
SF:src\Components\stateComponents\Hooks.jsx
FN:8,Hooks
FN:14,evil
FN:30,(anonymous_2)
FN:64,operar
FN:85,reset
FN:92,result
FN:112,opuesto
FNF:7
FNH:7
FNDA:44,Hooks
FNDA:9,evil
FNDA:11,(anonymous_2)
FNDA:9,operar
FNDA:1,reset
FNDA:3,result
FNDA:2,opuesto
DA:9,44
DA:10,44
DA:11,44
DA:12,44
DA:15,9
DA:16,9
DA:17,3
DA:18,6
DA:19,0
DA:20,6
DA:21,0
DA:22,6
DA:23,6
DA:24,0
DA:25,0
DA:27,9
DA:30,44
DA:31,11
DA:32,0
DA:33,0
DA:35,11
DA:36,10
DA:37,0
DA:38,10
DA:39,10
DA:40,0
DA:44,0
DA:46,0
DA:48,1
DA:49,1
DA:50,0
DA:51,1
DA:52,1
DA:53,0
DA:57,0
DA:59,0
DA:65,9
DA:66,2
DA:67,2
DA:68,2
DA:69,2
DA:70,2
DA:72,2
DA:73,2
DA:75,0
DA:76,0
DA:77,0
DA:78,0
DA:81,7
DA:86,1
DA:87,1
DA:88,1
DA:89,1
DA:93,3
DA:94,3
DA:95,2
DA:96,2
DA:101,0
DA:102,0
DA:104,2
DA:105,2
DA:106,2
DA:108,1
DA:113,2
DA:114,2
DA:115,2
DA:116,0
DA:117,0
DA:119,2
DA:120,1
DA:122,2
DA:123,0
DA:124,0
DA:128,44
LF:74
LH:50
BRDA:8,0,0,33
BRDA:8,1,0,33
BRDA:8,2,0,33
BRDA:16,3,0,3
BRDA:16,3,1,6
BRDA:18,4,0,0
BRDA:18,4,1,6
BRDA:20,5,0,0
BRDA:20,5,1,6
BRDA:22,6,0,6
BRDA:22,6,1,0
BRDA:24,7,0,0
BRDA:24,7,1,0
BRDA:31,8,0,0
BRDA:31,8,1,11
BRDA:31,9,0,11
BRDA:31,9,1,0
BRDA:35,10,0,10
BRDA:35,10,1,1
BRDA:35,11,0,11
BRDA:35,11,1,10
BRDA:36,12,0,0
BRDA:36,12,1,10
BRDA:38,13,0,10
BRDA:38,13,1,0
BRDA:40,14,0,0
BRDA:40,14,1,0
BRDA:41,15,0,0
BRDA:41,15,1,0
BRDA:48,16,0,1
BRDA:48,16,1,0
BRDA:48,17,0,1
BRDA:48,17,1,1
BRDA:49,18,0,0
BRDA:49,18,1,1
BRDA:51,19,0,1
BRDA:51,19,1,0
BRDA:53,20,0,0
BRDA:53,20,1,0
BRDA:54,21,0,0
BRDA:54,21,1,0
BRDA:65,22,0,2
BRDA:65,22,1,7
BRDA:66,23,0,2
BRDA:66,23,1,0
BRDA:68,24,0,2
BRDA:68,24,1,0
BRDA:94,25,0,2
BRDA:94,25,1,1
BRDA:94,26,0,3
BRDA:94,26,1,2
BRDA:94,26,2,1
BRDA:96,27,0,0
BRDA:96,27,1,2
BRDA:97,28,0,2
BRDA:97,28,1,2
BRDA:97,28,2,2
BRDA:114,29,0,2
BRDA:114,29,1,0
BRDA:114,30,0,2
BRDA:114,30,1,2
BRDA:116,31,0,0
BRDA:116,31,1,0
BRDA:116,32,0,0
BRDA:116,32,1,0
BRDA:119,33,0,1
BRDA:119,33,1,1
BRDA:119,34,0,2
BRDA:119,34,1,2
BRDA:119,34,2,1
BRDA:122,35,0,0
BRDA:122,35,1,2
BRDA:122,36,0,2
BRDA:122,36,1,0
BRF:74
BRH:44
end_of_record
